<?xml version="1.0" encoding="UTF-8"?>
<!-- Generated by org.testng.reporters.JUnitReportReporter -->
<testsuite hostname="LAPTOP-KESBKI64" name="testcases.VerifyLoginPage" tests="1" failures="0" timestamp="6 Mar 2017 20:39:42 GMT" time="7.223" errors="0">
  <testcase name="testHomePage" time="7.223" classname="testcases.VerifyLoginPage"/>
</testsuite> <!-- testcases.VerifyLoginPage -->
