<?xml version="1.0" encoding="UTF-8"?>
<!-- Generated by org.testng.reporters.JUnitReportReporter -->
<testsuite hostname="LAPTOP-KESBKI64" name="testcases.VerifyHomePage" tests="1" failures="0" timestamp="6 Mar 2017 20:39:42 GMT" time="8.624" errors="0">
  <testcase name="testHomePage" time="8.624" classname="testcases.VerifyHomePage"/>
</testsuite> <!-- testcases.VerifyHomePage -->
