<?xml version="1.0" encoding="UTF-8"?>
<!-- Generated by org.testng.reporters.JUnitReportReporter -->
<testsuite hostname="LAPTOP-KESBKI64" name="testcases.VerifyLoginPageReports" tests="1" failures="0" timestamp="7 Mar 2017 06:15:47 GMT" time="9.814" errors="0">
  <testcase name="testLoginPage" time="9.814" classname="testcases.VerifyLoginPageReports"/>
</testsuite> <!-- testcases.VerifyLoginPageReports -->
